This file contains any messages produced by compilers while
running configure, to aid debugging if configure makes a mistake.

It was created by configure, which was
generated by GNU Autoconf 2.63.  Invocation command line was

  $ ./configure --enable-usb

## --------- ##
## Platform. ##
## --------- ##

hostname = ATG-P1v5ID7OC
uname -m = x86_64
uname -r = 6.1.0-21-amd64
uname -s = Linux
uname -v = #1 SMP PREEMPT_DYNAMIC Debian 6.1.90-1 (2024-05-03)

/usr/bin/uname -p = unknown
/bin/uname -X     = unknown

/bin/arch              = x86_64
/usr/bin/arch -k       = unknown
/usr/convex/getsysinfo = unknown
/usr/bin/hostinfo      = unknown
/bin/machine           = unknown
/usr/bin/oslevel       = unknown
/bin/universe          = unknown

PATH: /usr/local/sbin
PATH: /usr/local/bin
PATH: /usr/sbin
PATH: /usr/bin
PATH: /sbin
PATH: /bin


## ----------- ##
## Core tests. ##
## ----------- ##

configure:2041: checking for true
configure:2059: found /usr/bin/true
configure:2071: result: /usr/bin/true
configure:2087: checking for false
configure:2105: found /usr/bin/false
configure:2117: result: /usr/bin/false
configure:2139: checking build system type
configure:2157: result: x86_64-unknown-linux-gnu
configure:2179: checking host system type
configure:2194: result: x86_64-unknown-linux-gnu
configure:2328: checking for g++
configure:2344: found /usr/bin/g++
configure:2355: result: g++
configure:2382: checking for C++ compiler version
configure:2390: g++ --version >&5
g++ (Debian 12.2.0-14) 12.2.0
Copyright (C) 2022 Free Software Foundation, Inc.
This is free software; see the source for copying conditions.  There is NO
warranty; not even for MERCHANTABILITY or FITNESS FOR A PARTICULAR PURPOSE.

configure:2394: $? = 0
configure:2401: g++ -v >&5
Using built-in specs.
COLLECT_GCC=g++
COLLECT_LTO_WRAPPER=/usr/lib/gcc/x86_64-linux-gnu/12/lto-wrapper
OFFLOAD_TARGET_NAMES=nvptx-none:amdgcn-amdhsa
OFFLOAD_TARGET_DEFAULT=1
Target: x86_64-linux-gnu
Configured with: ../src/configure -v --with-pkgversion='Debian 12.2.0-14' --with-bugurl=file:///usr/share/doc/gcc-12/README.Bugs --enable-languages=c,ada,c++,go,d,fortran,objc,obj-c++,m2 --prefix=/usr --with-gcc-major-version-only --program-suffix=-12 --program-prefix=x86_64-linux-gnu- --enable-shared --enable-linker-build-id --libexecdir=/usr/lib --without-included-gettext --enable-threads=posix --libdir=/usr/lib --enable-nls --enable-clocale=gnu --enable-libstdcxx-debug --enable-libstdcxx-time=yes --with-default-libstdcxx-abi=new --enable-gnu-unique-object --disable-vtable-verify --enable-plugin --enable-default-pie --with-system-zlib --enable-libphobos-checking=release --with-target-system-zlib=auto --enable-objc-gc=auto --enable-multiarch --disable-werror --enable-cet --with-arch-32=i686 --with-abi=m64 --with-multilib-list=m32,m64,mx32 --enable-multilib --with-tune=generic --enable-offload-targets=nvptx-none=/build/gcc-12-bTRWOB/gcc-12-12.2.0/debian/tmp-nvptx/usr,amdgcn-amdhsa=/build/gcc-12-bTRWOB/gcc-12-12.2.0/debian/tmp-gcn/usr --enable-offload-defaulted --without-cuda-driver --enable-checking=release --build=x86_64-linux-gnu --host=x86_64-linux-gnu --target=x86_64-linux-gnu
Thread model: posix
Supported LTO compression algorithms: zlib zstd
gcc version 12.2.0 (Debian 12.2.0-14) 
configure:2405: $? = 0
configure:2412: g++ -V >&5
g++: error: unrecognized command-line option '-V'
g++: fatal error: no input files
compilation terminated.
configure:2416: $? = 1
configure:2439: checking for C++ compiler default output file name
configure:2461: g++   -I/usr/local/include  -L/usr/local/lib conftest.cpp  >&5
configure:2465: $? = 0
configure:2503: result: a.out
configure:2522: checking whether the C++ compiler works
configure:2532: ./a.out
configure:2536: $? = 0
configure:2555: result: yes
configure:2562: checking whether we are cross compiling
configure:2564: result: no
configure:2567: checking for suffix of executables
configure:2574: g++ -o conftest   -I/usr/local/include  -L/usr/local/lib conftest.cpp  >&5
configure:2578: $? = 0
configure:2604: result: 
configure:2610: checking for suffix of object files
configure:2636: g++ -c   -I/usr/local/include conftest.cpp >&5
configure:2640: $? = 0
configure:2665: result: o
configure:2669: checking whether we are using the GNU C++ compiler
configure:2698: g++ -c   -I/usr/local/include conftest.cpp >&5
configure:2705: $? = 0
configure:2722: result: yes
configure:2731: checking whether g++ accepts -g
configure:2761: g++ -c -g  -I/usr/local/include conftest.cpp >&5
configure:2768: $? = 0
configure:2869: result: yes
configure:2939: checking for gcc
configure:2955: found /usr/bin/gcc
configure:2966: result: gcc
configure:3198: checking for C compiler version
configure:3206: gcc --version >&5
gcc (Debian 12.2.0-14) 12.2.0
Copyright (C) 2022 Free Software Foundation, Inc.
This is free software; see the source for copying conditions.  There is NO
warranty; not even for MERCHANTABILITY or FITNESS FOR A PARTICULAR PURPOSE.

configure:3210: $? = 0
configure:3217: gcc -v >&5
Using built-in specs.
COLLECT_GCC=gcc
COLLECT_LTO_WRAPPER=/usr/lib/gcc/x86_64-linux-gnu/12/lto-wrapper
OFFLOAD_TARGET_NAMES=nvptx-none:amdgcn-amdhsa
OFFLOAD_TARGET_DEFAULT=1
Target: x86_64-linux-gnu
Configured with: ../src/configure -v --with-pkgversion='Debian 12.2.0-14' --with-bugurl=file:///usr/share/doc/gcc-12/README.Bugs --enable-languages=c,ada,c++,go,d,fortran,objc,obj-c++,m2 --prefix=/usr --with-gcc-major-version-only --program-suffix=-12 --program-prefix=x86_64-linux-gnu- --enable-shared --enable-linker-build-id --libexecdir=/usr/lib --without-included-gettext --enable-threads=posix --libdir=/usr/lib --enable-nls --enable-clocale=gnu --enable-libstdcxx-debug --enable-libstdcxx-time=yes --with-default-libstdcxx-abi=new --enable-gnu-unique-object --disable-vtable-verify --enable-plugin --enable-default-pie --with-system-zlib --enable-libphobos-checking=release --with-target-system-zlib=auto --enable-objc-gc=auto --enable-multiarch --disable-werror --enable-cet --with-arch-32=i686 --with-abi=m64 --with-multilib-list=m32,m64,mx32 --enable-multilib --with-tune=generic --enable-offload-targets=nvptx-none=/build/gcc-12-bTRWOB/gcc-12-12.2.0/debian/tmp-nvptx/usr,amdgcn-amdhsa=/build/gcc-12-bTRWOB/gcc-12-12.2.0/debian/tmp-gcn/usr --enable-offload-defaulted --without-cuda-driver --enable-checking=release --build=x86_64-linux-gnu --host=x86_64-linux-gnu --target=x86_64-linux-gnu
Thread model: posix
Supported LTO compression algorithms: zlib zstd
gcc version 12.2.0 (Debian 12.2.0-14) 
configure:3221: $? = 0
configure:3228: gcc -V >&5
gcc: error: unrecognized command-line option '-V'
gcc: fatal error: no input files
compilation terminated.
configure:3232: $? = 1
configure:3235: checking whether we are using the GNU C compiler
configure:3264: gcc -c   -I/usr/local/include conftest.c >&5
configure:3271: $? = 0
configure:3288: result: yes
configure:3297: checking whether gcc accepts -g
configure:3327: gcc -c -g  -I/usr/local/include conftest.c >&5
configure:3334: $? = 0
configure:3435: result: yes
configure:3452: checking for gcc option to accept ISO C89
configure:3526: gcc  -c -g -O2  -I/usr/local/include conftest.c >&5
configure:3533: $? = 0
configure:3556: result: none needed
configure:3578: checking how to run the C preprocessor
configure:3618: gcc -E  -I/usr/local/include conftest.c
configure:3625: $? = 0
configure:3656: gcc -E  -I/usr/local/include conftest.c
conftest.c:8:10: fatal error: ac_nonexistent.h: No such file or directory
    8 | #include <ac_nonexistent.h>
      |          ^~~~~~~~~~~~~~~~~~
compilation terminated.
configure:3663: $? = 1
configure: failed program was:
| /* confdefs.h.  */
| #define PACKAGE_NAME ""
| #define PACKAGE_TARNAME ""
| #define PACKAGE_VERSION ""
| #define PACKAGE_STRING ""
| #define PACKAGE_BUGREPORT ""
| /* end confdefs.h.  */
| #include <ac_nonexistent.h>
configure:3696: result: gcc -E
configure:3725: gcc -E  -I/usr/local/include conftest.c
configure:3732: $? = 0
configure:3763: gcc -E  -I/usr/local/include conftest.c
conftest.c:8:10: fatal error: ac_nonexistent.h: No such file or directory
    8 | #include <ac_nonexistent.h>
      |          ^~~~~~~~~~~~~~~~~~
compilation terminated.
configure:3770: $? = 1
configure: failed program was:
| /* confdefs.h.  */
| #define PACKAGE_NAME ""
| #define PACKAGE_TARNAME ""
| #define PACKAGE_VERSION ""
| #define PACKAGE_STRING ""
| #define PACKAGE_BUGREPORT ""
| /* end confdefs.h.  */
| #include <ac_nonexistent.h>
configure:3822: checking for a BSD-compatible install
configure:3890: result: /usr/bin/install -c
configure:3904: checking for gawk
configure:3934: result: no
configure:3904: checking for mawk
configure:3920: found /usr/bin/mawk
configure:3931: result: mawk
configure:3943: checking for library containing strerror
configure:3984: gcc -o conftest -g -O2  -I/usr/local/include  -L/usr/local/lib conftest.c  >&5
configure:3991: $? = 0
configure:4022: result: none required
configure:4069: checking for shutdown
configure:4087: found /usr/sbin/shutdown
configure:4099: result: /usr/sbin/shutdown
configure:4121: checking for mail
configure:4139: found /usr/bin/mail
configure:4151: result: /usr/bin/mail
configure:4174: checking for wall
configure:4192: found /usr/bin/wall
configure:4204: result: /usr/bin/wall
configure:4225: checking for sh
configure:4243: found /usr/bin/sh
configure:4255: result: /usr/bin/sh
configure:4273: checking for GNU make
configure:4288: result: make
configure:4340: checking for ranlib
configure:4356: found /usr/bin/ranlib
configure:4367: result: ranlib
configure:4397: checking for rm
configure:4415: found /usr/bin/rm
configure:4427: result: /usr/bin/rm
configure:4443: checking for cp
configure:4461: found /usr/bin/cp
configure:4473: result: /usr/bin/cp
configure:4489: checking for echo
configure:4507: found /usr/bin/echo
configure:4519: result: /usr/bin/echo
configure:4535: checking for ln
configure:4553: found /usr/bin/ln
configure:4565: result: /usr/bin/ln
configure:4581: checking for sed
configure:4599: found /usr/bin/sed
configure:4611: result: /usr/bin/sed
configure:4668: checking for ar
configure:4684: found /usr/bin/ar
configure:4695: result: ar
configure:4725: checking for mv
configure:4743: found /usr/bin/mv
configure:4755: result: /usr/bin/mv
configure:4812: checking for windres
configure:4842: result: no
configure:4910: checking for strip
configure:4926: found /usr/bin/strip
configure:4937: result: strip
configure:4964: checking for rst2html
configure:4997: result: no
configure:5004: checking for rst2html.py
configure:5037: result: no
configure:5044: checking for rst2pdf
configure:5077: result: no
configure:5105: checking for abort
configure:5161: gcc -o conftest -g -O2  -I/usr/local/include  -L/usr/local/lib conftest.c  >&5
conftest.c:32:6: warning: conflicting types for built-in function 'abort'; expected 'void(void)' [-Wbuiltin-declaration-mismatch]
   32 | char abort ();
      |      ^~~~~
conftest.c:20:1: note: 'abort' is declared in header '<stdlib.h>'
   19 | # include <limits.h>
   20 | #else
configure:5168: $? = 0
configure:5190: result: yes
configure:5105: checking for calloc
configure:5161: gcc -o conftest -g -O2  -I/usr/local/include  -L/usr/local/lib conftest.c  >&5
conftest.c:33:6: warning: conflicting types for built-in function 'calloc'; expected 'void *(long unsigned int,  long unsigned int)' [-Wbuiltin-declaration-mismatch]
   33 | char calloc ();
      |      ^~~~~~
conftest.c:21:1: note: 'calloc' is declared in header '<stdlib.h>'
   20 | # include <limits.h>
   21 | #else
configure:5168: $? = 0
configure:5190: result: yes
configure:5105: checking for getpid
configure:5161: gcc -o conftest -g -O2  -I/usr/local/include  -L/usr/local/lib conftest.c  >&5
configure:5168: $? = 0
configure:5190: result: yes
configure:5105: checking for rewind
configure:5161: gcc -o conftest -g -O2  -I/usr/local/include  -L/usr/local/lib conftest.c  >&5
configure:5168: $? = 0
configure:5190: result: yes
configure:5105: checking for signal
configure:5161: gcc -o conftest -g -O2  -I/usr/local/include  -L/usr/local/lib conftest.c  >&5
configure:5168: $? = 0
configure:5190: result: yes
configure:5105: checking for strerror
configure:5161: gcc -o conftest -g -O2  -I/usr/local/include  -L/usr/local/lib conftest.c  >&5
configure:5168: $? = 0
configure:5190: result: yes
configure:5105: checking for strncmp
configure:5161: gcc -o conftest -g -O2  -I/usr/local/include  -L/usr/local/lib conftest.c  >&5
conftest.c:38:6: warning: conflicting types for built-in function 'strncmp'; expected 'int(const char *, const char *, long unsigned int)' [-Wbuiltin-declaration-mismatch]
   38 | char strncmp ();
      |      ^~~~~~~
conftest.c:26:1: note: 'strncmp' is declared in header '<string.h>'
   25 | # include <limits.h>
   26 | #else
configure:5168: $? = 0
configure:5190: result: yes
configure:5105: checking for strncpy
configure:5161: gcc -o conftest -g -O2  -I/usr/local/include  -L/usr/local/lib conftest.c  >&5
conftest.c:39:6: warning: conflicting types for built-in function 'strncpy'; expected 'char *(char *, const char *, long unsigned int)' [-Wbuiltin-declaration-mismatch]
   39 | char strncpy ();
      |      ^~~~~~~
conftest.c:27:1: note: 'strncpy' is declared in header '<string.h>'
   26 | # include <limits.h>
   27 | #else
configure:5168: $? = 0
configure:5190: result: yes
configure:5105: checking for vfprintf
configure:5161: gcc -o conftest -g -O2  -I/usr/local/include  -L/usr/local/lib conftest.c  >&5
conftest.c:40:6: warning: conflicting types for built-in function 'vfprintf'; expected 'int(void *, const char *, __va_list_tag *)' [-Wbuiltin-declaration-mismatch]
   40 | char vfprintf ();
      |      ^~~~~~~~
conftest.c:28:1: note: 'vfprintf' is declared in header '<stdio.h>'
   27 | # include <limits.h>
   28 | #else
configure:5168: $? = 0
configure:5190: result: yes
configure:5216: checking for snprintf
configure:5272: gcc -o conftest -g -O2  -I/usr/local/include  -L/usr/local/lib conftest.c  >&5
conftest.c:41:6: warning: conflicting types for built-in function 'snprintf'; expected 'int(char *, long unsigned int,  const char *, ...)' [-Wbuiltin-declaration-mismatch]
   41 | char snprintf ();
      |      ^~~~~~~~
conftest.c:29:1: note: 'snprintf' is declared in header '<stdio.h>'
   28 | # include <limits.h>
   29 | #else
configure:5279: $? = 0
configure:5301: result: yes
configure:5216: checking for vsnprintf
configure:5272: gcc -o conftest -g -O2  -I/usr/local/include  -L/usr/local/lib conftest.c  >&5
conftest.c:42:6: warning: conflicting types for built-in function 'vsnprintf'; expected 'int(char *, long unsigned int,  const char *, __va_list_tag *)' [-Wbuiltin-declaration-mismatch]
   42 | char vsnprintf ();
      |      ^~~~~~~~~
conftest.c:30:1: note: 'vsnprintf' is declared in header '<stdio.h>'
   29 | # include <limits.h>
   30 | #else
configure:5279: $? = 0
configure:5301: result: yes
configure:5216: checking for strlcpy
configure:5272: gcc -o conftest -g -O2  -I/usr/local/include  -L/usr/local/lib conftest.c  >&5
/usr/bin/ld: /tmp/ccS7Jm0f.o: in function `main':
/home/adatageadmin/apcupsd-3.14.14/conftest.c:54: undefined reference to `strlcpy'
collect2: error: ld returned 1 exit status
configure:5279: $? = 1
configure: failed program was:
| /* confdefs.h.  */
| #define PACKAGE_NAME ""
| #define PACKAGE_TARNAME ""
| #define PACKAGE_VERSION ""
| #define PACKAGE_STRING ""
| #define PACKAGE_BUGREPORT ""
| #define HAVE_PTHREADS 1
| #define HAVE_ABORT 1
| #define HAVE_CALLOC 1
| #define HAVE_GETPID 1
| #define HAVE_REWIND 1
| #define HAVE_SIGNAL 1
| #define HAVE_STRERROR 1
| #define HAVE_STRNCMP 1
| #define HAVE_STRNCPY 1
| #define HAVE_VFPRINTF 1
| #define HAVE_SNPRINTF 1
| #define HAVE_VSNPRINTF 1
| /* end confdefs.h.  */
| /* Define strlcpy to an innocuous variant, in case <limits.h> declares strlcpy.
|    For example, HP-UX 11i <limits.h> declares gettimeofday.  */
| #define strlcpy innocuous_strlcpy
| 
| /* System header to define __stub macros and hopefully few prototypes,
|     which can conflict with char strlcpy (); below.
|     Prefer <limits.h> to <assert.h> if __STDC__ is defined, since
|     <limits.h> exists even on freestanding compilers.  */
| 
| #ifdef __STDC__
| # include <limits.h>
| #else
| # include <assert.h>
| #endif
| 
| #undef strlcpy
| 
| /* Override any GCC internal prototype to avoid an error.
|    Use char because int might match the return type of a GCC
|    builtin and then its argument prototype would still apply.  */
| #ifdef __cplusplus
| extern "C"
| #endif
| char strlcpy ();
| /* The GNU C library defines this for functions which it implements
|     to always fail with ENOSYS.  Some functions are actually named
|     something starting with __ and the normal name is an alias.  */
| #if defined __stub_strlcpy || defined __stub___strlcpy
| choke me
| #endif
| 
| int
| main ()
| {
| return strlcpy ();
|   ;
|   return 0;
| }
configure:5301: result: no
configure:5216: checking for strlcat
configure:5272: gcc -o conftest -g -O2  -I/usr/local/include  -L/usr/local/lib conftest.c  >&5
/usr/bin/ld: /tmp/ccFO3usn.o: in function `main':
/home/adatageadmin/apcupsd-3.14.14/conftest.c:54: undefined reference to `strlcat'
collect2: error: ld returned 1 exit status
configure:5279: $? = 1
configure: failed program was:
| /* confdefs.h.  */
| #define PACKAGE_NAME ""
| #define PACKAGE_TARNAME ""
| #define PACKAGE_VERSION ""
| #define PACKAGE_STRING ""
| #define PACKAGE_BUGREPORT ""
| #define HAVE_PTHREADS 1
| #define HAVE_ABORT 1
| #define HAVE_CALLOC 1
| #define HAVE_GETPID 1
| #define HAVE_REWIND 1
| #define HAVE_SIGNAL 1
| #define HAVE_STRERROR 1
| #define HAVE_STRNCMP 1
| #define HAVE_STRNCPY 1
| #define HAVE_VFPRINTF 1
| #define HAVE_SNPRINTF 1
| #define HAVE_VSNPRINTF 1
| /* end confdefs.h.  */
| /* Define strlcat to an innocuous variant, in case <limits.h> declares strlcat.
|    For example, HP-UX 11i <limits.h> declares gettimeofday.  */
| #define strlcat innocuous_strlcat
| 
| /* System header to define __stub macros and hopefully few prototypes,
|     which can conflict with char strlcat (); below.
|     Prefer <limits.h> to <assert.h> if __STDC__ is defined, since
|     <limits.h> exists even on freestanding compilers.  */
| 
| #ifdef __STDC__
| # include <limits.h>
| #else
| # include <assert.h>
| #endif
| 
| #undef strlcat
| 
| /* Override any GCC internal prototype to avoid an error.
|    Use char because int might match the return type of a GCC
|    builtin and then its argument prototype would still apply.  */
| #ifdef __cplusplus
| extern "C"
| #endif
| char strlcat ();
| /* The GNU C library defines this for functions which it implements
|     to always fail with ENOSYS.  Some functions are actually named
|     something starting with __ and the normal name is an alias.  */
| #if defined __stub_strlcat || defined __stub___strlcat
| choke me
| #endif
| 
| int
| main ()
| {
| return strlcat ();
|   ;
|   return 0;
| }
configure:5301: result: no
configure:5216: checking for accept4
configure:5272: gcc -o conftest -g -O2  -I/usr/local/include  -L/usr/local/lib conftest.c  >&5
configure:5279: $? = 0
configure:5301: result: yes
configure:5325: checking for fork
configure:5381: gcc -o conftest -g -O2  -I/usr/local/include  -L/usr/local/lib conftest.c  >&5
conftest.c:44:6: warning: conflicting types for built-in function 'fork'; expected 'int(void)' [-Wbuiltin-declaration-mismatch]
   44 | char fork ();
      |      ^~~~
configure:5388: $? = 0
configure:5410: result: yes
configure:5325: checking for ioctl
configure:5381: gcc -o conftest -g -O2  -I/usr/local/include  -L/usr/local/lib conftest.c  >&5
configure:5388: $? = 0
configure:5410: result: yes
configure:5325: checking for kill
configure:5381: gcc -o conftest -g -O2  -I/usr/local/include  -L/usr/local/lib conftest.c  >&5
configure:5388: $? = 0
configure:5410: result: yes
configure:5325: checking for select
configure:5381: gcc -o conftest -g -O2  -I/usr/local/include  -L/usr/local/lib conftest.c  >&5
configure:5388: $? = 0
configure:5410: result: yes
configure:5325: checking for setsid
configure:5381: gcc -o conftest -g -O2  -I/usr/local/include  -L/usr/local/lib conftest.c  >&5
configure:5388: $? = 0
configure:5410: result: yes
configure:5325: checking for tcgetattr
configure:5381: gcc -o conftest -g -O2  -I/usr/local/include  -L/usr/local/lib conftest.c  >&5
configure:5388: $? = 0
configure:5410: result: yes
configure:5428: checking for syslog
configure:5452: gcc -o conftest -g -O2  -I/usr/local/include  -L/usr/local/lib conftest.c  >&5
configure:5459: $? = 0
configure:5467: result: yes
configure:5610: checking for library containing nanosleep
configure:5651: gcc -o conftest -g -O2  -I/usr/local/include  -L/usr/local/lib conftest.c  >&5
configure:5658: $? = 0
configure:5689: result: none required
configure:5708: checking for strftime
configure:5764: gcc -o conftest -g -O2  -I/usr/local/include  -L/usr/local/lib conftest.c  >&5
conftest.c:51:6: warning: conflicting types for built-in function 'strftime'; expected 'long unsigned int(char *, long unsigned int,  const char *, const void *)' [-Wbuiltin-declaration-mismatch]
   51 | char strftime ();
      |      ^~~~~~~~
conftest.c:39:1: note: 'strftime' is declared in header '<time.h>'
   38 | # include <limits.h>
   39 | #else
configure:5771: $? = 0
configure:5793: result: yes
configure:5890: checking for library containing socket
configure:5931: gcc -o conftest -g -O2  -I/usr/local/include  -L/usr/local/lib conftest.c  >&5
configure:5938: $? = 0
configure:5969: result: none required
configure:5977: checking for library containing gethostname
configure:6018: gcc -o conftest -g -O2  -I/usr/local/include  -L/usr/local/lib conftest.c  >&5
configure:6025: $? = 0
configure:6056: result: none required
configure:6064: checking for library containing gethostbyname
configure:6105: gcc -o conftest -g -O2  -I/usr/local/include  -L/usr/local/lib conftest.c  >&5
configure:6112: $? = 0
configure:6143: result: none required
configure:6151: checking for library containing gethostbyname_r
configure:6192: gcc -o conftest -g -O2  -I/usr/local/include  -L/usr/local/lib conftest.c  >&5
configure:6199: $? = 0
configure:6230: result: none required
configure:6240: checking for library containing inet_addr
configure:6281: gcc -o conftest -g -O2  -I/usr/local/include  -L/usr/local/lib conftest.c  >&5
configure:6288: $? = 0
configure:6319: result: none required
configure:6328: checking for strchr
configure:6384: gcc -o conftest -g -O2  -I/usr/local/include  -L/usr/local/lib conftest.c  >&5
conftest.c:52:6: warning: conflicting types for built-in function 'strchr'; expected 'char *(const char *, int)' [-Wbuiltin-declaration-mismatch]
   52 | char strchr ();
      |      ^~~~~~
conftest.c:40:1: note: 'strchr' is declared in header '<string.h>'
   39 | # include <limits.h>
   40 | #else
configure:6391: $? = 0
configure:6411: result: yes
configure:6414: result: using libc's strchr
configure:6490: checking for strstr
configure:6546: gcc -o conftest -g -O2  -I/usr/local/include  -L/usr/local/lib conftest.c  >&5
conftest.c:52:6: warning: conflicting types for built-in function 'strstr'; expected 'char *(const char *, const char *)' [-Wbuiltin-declaration-mismatch]
   52 | char strstr ();
      |      ^~~~~~
conftest.c:40:1: note: 'strstr' is declared in header '<string.h>'
   39 | # include <limits.h>
   40 | #else
configure:6553: $? = 0
configure:6573: result: yes
configure:6586: checking for strcasecmp
configure:6642: gcc -o conftest -g -O2  -I/usr/local/include  -L/usr/local/lib conftest.c  >&5
conftest.c:53:6: warning: conflicting types for built-in function 'strcasecmp'; expected 'int(const char *, const char *)' [-Wbuiltin-declaration-mismatch]
   53 | char strcasecmp ();
      |      ^~~~~~~~~~
configure:6649: $? = 0
configure:6669: result: yes
configure:6682: checking for memmove
configure:6738: gcc -o conftest -g -O2  -I/usr/local/include  -L/usr/local/lib conftest.c  >&5
conftest.c:54:6: warning: conflicting types for built-in function 'memmove'; expected 'void *(void *, const void *, long unsigned int)' [-Wbuiltin-declaration-mismatch]
   54 | char memmove ();
      |      ^~~~~~~
conftest.c:42:1: note: 'memmove' is declared in header '<string.h>'
   41 | # include <limits.h>
   42 | #else
configure:6745: $? = 0
configure:6765: result: yes
configure:6778: checking for getopt_long
configure:6834: gcc -o conftest -g -O2  -I/usr/local/include  -L/usr/local/lib conftest.c  >&5
configure:6841: $? = 0
configure:6861: result: yes
configure:6874: checking for inet_pton
configure:6930: gcc -o conftest -g -O2  -I/usr/local/include  -L/usr/local/lib conftest.c  >&5
configure:6937: $? = 0
configure:6957: result: yes
configure:6970: checking for localtime_r
configure:7026: gcc -o conftest -g -O2  -I/usr/local/include  -L/usr/local/lib conftest.c  >&5
configure:7033: $? = 0
configure:7053: result: yes
configure:7067: checking for grep that handles long lines and -e
configure:7127: result: /usr/bin/grep
configure:7132: checking for egrep
configure:7196: result: /usr/bin/grep -E
configure:7201: checking for ANSI C header files
configure:7231: gcc -c -g -O2  -I/usr/local/include conftest.c >&5
configure:7238: $? = 0
configure:7337: gcc -o conftest -g -O2  -I/usr/local/include  -L/usr/local/lib conftest.c  >&5
configure:7341: $? = 0
configure:7347: ./conftest
configure:7351: $? = 0
configure:7369: result: yes
configure:7393: checking for sys/types.h
configure:7414: gcc -c -g -O2  -I/usr/local/include conftest.c >&5
configure:7421: $? = 0
configure:7438: result: yes
configure:7393: checking for sys/stat.h
configure:7414: gcc -c -g -O2  -I/usr/local/include conftest.c >&5
configure:7421: $? = 0
configure:7438: result: yes
configure:7393: checking for stdlib.h
configure:7414: gcc -c -g -O2  -I/usr/local/include conftest.c >&5
configure:7421: $? = 0
configure:7438: result: yes
configure:7393: checking for string.h
configure:7414: gcc -c -g -O2  -I/usr/local/include conftest.c >&5
configure:7421: $? = 0
configure:7438: result: yes
configure:7393: checking for memory.h
configure:7414: gcc -c -g -O2  -I/usr/local/include conftest.c >&5
configure:7421: $? = 0
configure:7438: result: yes
configure:7393: checking for strings.h
configure:7414: gcc -c -g -O2  -I/usr/local/include conftest.c >&5
configure:7421: $? = 0
configure:7438: result: yes
configure:7393: checking for inttypes.h
configure:7414: gcc -c -g -O2  -I/usr/local/include conftest.c >&5
configure:7421: $? = 0
configure:7438: result: yes
configure:7393: checking for stdint.h
configure:7414: gcc -c -g -O2  -I/usr/local/include conftest.c >&5
configure:7421: $? = 0
configure:7438: result: yes
configure:7393: checking for unistd.h
configure:7414: gcc -c -g -O2  -I/usr/local/include conftest.c >&5
configure:7421: $? = 0
configure:7438: result: yes
configure:7491: checking arpa/inet.h usability
configure:7508: gcc -c -g -O2  -I/usr/local/include conftest.c >&5
configure:7515: $? = 0
configure:7529: result: yes
configure:7533: checking arpa/inet.h presence
configure:7548: gcc -E  -I/usr/local/include conftest.c
configure:7555: $? = 0
configure:7569: result: yes
configure:7597: checking for arpa/inet.h
configure:7606: result: yes
configure:7491: checking ctype.h usability
configure:7508: gcc -c -g -O2  -I/usr/local/include conftest.c >&5
configure:7515: $? = 0
configure:7529: result: yes
configure:7533: checking ctype.h presence
configure:7548: gcc -E  -I/usr/local/include conftest.c
configure:7555: $? = 0
configure:7569: result: yes
configure:7597: checking for ctype.h
configure:7606: result: yes
configure:7491: checking errno.h usability
configure:7508: gcc -c -g -O2  -I/usr/local/include conftest.c >&5
configure:7515: $? = 0
configure:7529: result: yes
configure:7533: checking errno.h presence
configure:7548: gcc -E  -I/usr/local/include conftest.c
configure:7555: $? = 0
configure:7569: result: yes
configure:7597: checking for errno.h
configure:7606: result: yes
configure:7491: checking fcntl.h usability
configure:7508: gcc -c -g -O2  -I/usr/local/include conftest.c >&5
configure:7515: $? = 0
configure:7529: result: yes
configure:7533: checking fcntl.h presence
configure:7548: gcc -E  -I/usr/local/include conftest.c
configure:7555: $? = 0
configure:7569: result: yes
configure:7597: checking for fcntl.h
configure:7606: result: yes
configure:7491: checking limits.h usability
configure:7508: gcc -c -g -O2  -I/usr/local/include conftest.c >&5
configure:7515: $? = 0
configure:7529: result: yes
configure:7533: checking limits.h presence
configure:7548: gcc -E  -I/usr/local/include conftest.c
configure:7555: $? = 0
configure:7569: result: yes
configure:7597: checking for limits.h
configure:7606: result: yes
configure:7491: checking netdb.h usability
configure:7508: gcc -c -g -O2  -I/usr/local/include conftest.c >&5
configure:7515: $? = 0
configure:7529: result: yes
configure:7533: checking netdb.h presence
configure:7548: gcc -E  -I/usr/local/include conftest.c
configure:7555: $? = 0
configure:7569: result: yes
configure:7597: checking for netdb.h
configure:7606: result: yes
configure:7491: checking netinet/in.h usability
configure:7508: gcc -c -g -O2  -I/usr/local/include conftest.c >&5
configure:7515: $? = 0
configure:7529: result: yes
configure:7533: checking netinet/in.h presence
configure:7548: gcc -E  -I/usr/local/include conftest.c
configure:7555: $? = 0
configure:7569: result: yes
configure:7597: checking for netinet/in.h
configure:7606: result: yes
configure:7491: checking signal.h usability
configure:7508: gcc -c -g -O2  -I/usr/local/include conftest.c >&5
configure:7515: $? = 0
configure:7529: result: yes
configure:7533: checking signal.h presence
configure:7548: gcc -E  -I/usr/local/include conftest.c
configure:7555: $? = 0
configure:7569: result: yes
configure:7597: checking for signal.h
configure:7606: result: yes
configure:7491: checking stdarg.h usability
configure:7508: gcc -c -g -O2  -I/usr/local/include conftest.c >&5
configure:7515: $? = 0
configure:7529: result: yes
configure:7533: checking stdarg.h presence
configure:7548: gcc -E  -I/usr/local/include conftest.c
configure:7555: $? = 0
configure:7569: result: yes
configure:7597: checking for stdarg.h
configure:7606: result: yes
configure:7491: checking stdio.h usability
configure:7508: gcc -c -g -O2  -I/usr/local/include conftest.c >&5
configure:7515: $? = 0
configure:7529: result: yes
configure:7533: checking stdio.h presence
configure:7548: gcc -E  -I/usr/local/include conftest.c
configure:7555: $? = 0
configure:7569: result: yes
configure:7597: checking for stdio.h
configure:7606: result: yes
configure:7480: checking for stdlib.h
configure:7487: result: yes
configure:7480: checking for string.h
configure:7487: result: yes
configure:7480: checking for strings.h
configure:7487: result: yes
configure:7491: checking sys/ioctl.h usability
configure:7508: gcc -c -g -O2  -I/usr/local/include conftest.c >&5
configure:7515: $? = 0
configure:7529: result: yes
configure:7533: checking sys/ioctl.h presence
configure:7548: gcc -E  -I/usr/local/include conftest.c
configure:7555: $? = 0
configure:7569: result: yes
configure:7597: checking for sys/ioctl.h
configure:7606: result: yes
configure:7491: checking sys/socket.h usability
configure:7508: gcc -c -g -O2  -I/usr/local/include conftest.c >&5
configure:7515: $? = 0
configure:7529: result: yes
configure:7533: checking sys/socket.h presence
configure:7548: gcc -E  -I/usr/local/include conftest.c
configure:7555: $? = 0
configure:7569: result: yes
configure:7597: checking for sys/socket.h
configure:7606: result: yes
configure:7480: checking for sys/types.h
configure:7487: result: yes
configure:7491: checking syslog.h usability
configure:7508: gcc -c -g -O2  -I/usr/local/include conftest.c >&5
configure:7515: $? = 0
configure:7529: result: yes
configure:7533: checking syslog.h presence
configure:7548: gcc -E  -I/usr/local/include conftest.c
configure:7555: $? = 0
configure:7569: result: yes
configure:7597: checking for syslog.h
configure:7606: result: yes
configure:7491: checking termios.h usability
configure:7508: gcc -c -g -O2  -I/usr/local/include conftest.c >&5
configure:7515: $? = 0
configure:7529: result: yes
configure:7533: checking termios.h presence
configure:7548: gcc -E  -I/usr/local/include conftest.c
configure:7555: $? = 0
configure:7569: result: yes
configure:7597: checking for termios.h
configure:7606: result: yes
configure:7480: checking for unistd.h
configure:7487: result: yes
configure:7641: checking arpa/nameser.h usability
configure:7658: gcc -c -g -O2  -I/usr/local/include conftest.c >&5
configure:7665: $? = 0
configure:7679: result: yes
configure:7683: checking arpa/nameser.h presence
configure:7698: gcc -E  -I/usr/local/include conftest.c
configure:7705: $? = 0
configure:7719: result: yes
configure:7747: checking for arpa/nameser.h
configure:7756: result: yes
configure:7776: checking whether stat file-mode macros are broken
configure:7813: gcc -c -g -O2  -I/usr/local/include conftest.c >&5
configure:7820: $? = 0
configure:7835: result: no
configure:7844: checking whether time.h and sys/time.h may both be included
configure:7874: gcc -c -g -O2  -I/usr/local/include conftest.c >&5
configure:7881: $? = 0
configure:7896: result: yes
configure:7905: checking for sys/wait.h that is POSIX.1 compatible
configure:7941: gcc -c -g -O2  -I/usr/local/include conftest.c >&5
configure:7948: $? = 0
configure:7963: result: yes
configure:7973: checking whether struct tm is in sys/time.h or time.h
configure:8003: gcc -c -g -O2  -I/usr/local/include conftest.c >&5
configure:8010: $? = 0
configure:8025: result: time.h
configure:8034: checking for struct tm.tm_zone
configure:8065: gcc -c -g -O2  -I/usr/local/include conftest.c >&5
configure:8072: $? = 0
configure:8133: result: yes
configure:8289: checking for uid_t in sys/types.h
configure:8312: result: yes
configure:8327: checking type of array argument to getgroups
configure:8371: gcc -o conftest -g -O2  -I/usr/local/include  -L/usr/local/lib conftest.c  >&5
configure:8375: $? = 0
configure:8381: ./conftest
configure:8385: $? = 0
configure:8421: result: gid_t
configure:8429: checking for mode_t
configure:8457: gcc -c -g -O2  -I/usr/local/include conftest.c >&5
configure:8464: $? = 0
configure:8491: gcc -c -g -O2  -I/usr/local/include conftest.c >&5
conftest.c: In function 'main':
conftest.c:107:21: error: expected expression before ')' token
  107 | if (sizeof ((mode_t)))
      |                     ^
configure:8498: $? = 1
configure: failed program was:
| /* confdefs.h.  */
| #define PACKAGE_NAME ""
| #define PACKAGE_TARNAME ""
| #define PACKAGE_VERSION ""
| #define PACKAGE_STRING ""
| #define PACKAGE_BUGREPORT ""
| #define HAVE_PTHREADS 1
| #define HAVE_ABORT 1
| #define HAVE_CALLOC 1
| #define HAVE_GETPID 1
| #define HAVE_REWIND 1
| #define HAVE_SIGNAL 1
| #define HAVE_STRERROR 1
| #define HAVE_STRNCMP 1
| #define HAVE_STRNCPY 1
| #define HAVE_VFPRINTF 1
| #define HAVE_SNPRINTF 1
| #define HAVE_VSNPRINTF 1
| #define HAVE_ACCEPT4 1
| #define HAVE_FORK 1
| #define HAVE_IOCTL 1
| #define HAVE_KILL 1
| #define HAVE_SELECT 1
| #define HAVE_SETSID 1
| #define HAVE_TCGETATTR 1
| #define HAVE_NANOSLEEP 1
| #define HAVE_STRFTIME 1
| #define HAVE_STRSTR /**/
| #define HAVE_STRCASECMP /**/
| #define HAVE_MEMMOVE /**/
| #define HAVE_GETOPTLONG /**/
| #define HAVE_INETPTON /**/
| #define HAVE_LOCALTIME_R /**/
| #define STDC_HEADERS 1
| #define HAVE_SYS_TYPES_H 1
| #define HAVE_SYS_STAT_H 1
| #define HAVE_STDLIB_H 1
| #define HAVE_STRING_H 1
| #define HAVE_MEMORY_H 1
| #define HAVE_STRINGS_H 1
| #define HAVE_INTTYPES_H 1
| #define HAVE_STDINT_H 1
| #define HAVE_UNISTD_H 1
| #define HAVE_ARPA_INET_H 1
| #define HAVE_CTYPE_H 1
| #define HAVE_ERRNO_H 1
| #define HAVE_FCNTL_H 1
| #define HAVE_LIMITS_H 1
| #define HAVE_NETDB_H 1
| #define HAVE_NETINET_IN_H 1
| #define HAVE_SIGNAL_H 1
| #define HAVE_STDARG_H 1
| #define HAVE_STDIO_H 1
| #define HAVE_STDLIB_H 1
| #define HAVE_STRING_H 1
| #define HAVE_STRINGS_H 1
| #define HAVE_SYS_IOCTL_H 1
| #define HAVE_SYS_SOCKET_H 1
| #define HAVE_SYS_TYPES_H 1
| #define HAVE_SYSLOG_H 1
| #define HAVE_TERMIOS_H 1
| #define HAVE_UNISTD_H 1
| #define HAVE_ARPA_NAMESER_H 1
| #define HAVE_NAMESER_H /**/
| #define TIME_WITH_SYS_TIME 1
| #define HAVE_SYS_WAIT_H 1
| #define HAVE_STRUCT_TM_TM_ZONE 1
| #define HAVE_TM_ZONE 1
| #define GETGROUPS_T gid_t
| /* end confdefs.h.  */
| #include <stdio.h>
| #ifdef HAVE_SYS_TYPES_H
| # include <sys/types.h>
| #endif
| #ifdef HAVE_SYS_STAT_H
| # include <sys/stat.h>
| #endif
| #ifdef STDC_HEADERS
| # include <stdlib.h>
| # include <stddef.h>
| #else
| # ifdef HAVE_STDLIB_H
| #  include <stdlib.h>
| # endif
| #endif
| #ifdef HAVE_STRING_H
| # if !defined STDC_HEADERS && defined HAVE_MEMORY_H
| #  include <memory.h>
| # endif
| # include <string.h>
| #endif
| #ifdef HAVE_STRINGS_H
| # include <strings.h>
| #endif
| #ifdef HAVE_INTTYPES_H
| # include <inttypes.h>
| #endif
| #ifdef HAVE_STDINT_H
| # include <stdint.h>
| #endif
| #ifdef HAVE_UNISTD_H
| # include <unistd.h>
| #endif
| int
| main ()
| {
| if (sizeof ((mode_t)))
| 	  return 0;
|   ;
|   return 0;
| }
configure:8521: result: yes
configure:8533: checking for off_t
configure:8561: gcc -c -g -O2  -I/usr/local/include conftest.c >&5
configure:8568: $? = 0
configure:8595: gcc -c -g -O2  -I/usr/local/include conftest.c >&5
conftest.c: In function 'main':
conftest.c:107:20: error: expected expression before ')' token
  107 | if (sizeof ((off_t)))
      |                    ^
configure:8602: $? = 1
configure: failed program was:
| /* confdefs.h.  */
| #define PACKAGE_NAME ""
| #define PACKAGE_TARNAME ""
| #define PACKAGE_VERSION ""
| #define PACKAGE_STRING ""
| #define PACKAGE_BUGREPORT ""
| #define HAVE_PTHREADS 1
| #define HAVE_ABORT 1
| #define HAVE_CALLOC 1
| #define HAVE_GETPID 1
| #define HAVE_REWIND 1
| #define HAVE_SIGNAL 1
| #define HAVE_STRERROR 1
| #define HAVE_STRNCMP 1
| #define HAVE_STRNCPY 1
| #define HAVE_VFPRINTF 1
| #define HAVE_SNPRINTF 1
| #define HAVE_VSNPRINTF 1
| #define HAVE_ACCEPT4 1
| #define HAVE_FORK 1
| #define HAVE_IOCTL 1
| #define HAVE_KILL 1
| #define HAVE_SELECT 1
| #define HAVE_SETSID 1
| #define HAVE_TCGETATTR 1
| #define HAVE_NANOSLEEP 1
| #define HAVE_STRFTIME 1
| #define HAVE_STRSTR /**/
| #define HAVE_STRCASECMP /**/
| #define HAVE_MEMMOVE /**/
| #define HAVE_GETOPTLONG /**/
| #define HAVE_INETPTON /**/
| #define HAVE_LOCALTIME_R /**/
| #define STDC_HEADERS 1
| #define HAVE_SYS_TYPES_H 1
| #define HAVE_SYS_STAT_H 1
| #define HAVE_STDLIB_H 1
| #define HAVE_STRING_H 1
| #define HAVE_MEMORY_H 1
| #define HAVE_STRINGS_H 1
| #define HAVE_INTTYPES_H 1
| #define HAVE_STDINT_H 1
| #define HAVE_UNISTD_H 1
| #define HAVE_ARPA_INET_H 1
| #define HAVE_CTYPE_H 1
| #define HAVE_ERRNO_H 1
| #define HAVE_FCNTL_H 1
| #define HAVE_LIMITS_H 1
| #define HAVE_NETDB_H 1
| #define HAVE_NETINET_IN_H 1
| #define HAVE_SIGNAL_H 1
| #define HAVE_STDARG_H 1
| #define HAVE_STDIO_H 1
| #define HAVE_STDLIB_H 1
| #define HAVE_STRING_H 1
| #define HAVE_STRINGS_H 1
| #define HAVE_SYS_IOCTL_H 1
| #define HAVE_SYS_SOCKET_H 1
| #define HAVE_SYS_TYPES_H 1
| #define HAVE_SYSLOG_H 1
| #define HAVE_TERMIOS_H 1
| #define HAVE_UNISTD_H 1
| #define HAVE_ARPA_NAMESER_H 1
| #define HAVE_NAMESER_H /**/
| #define TIME_WITH_SYS_TIME 1
| #define HAVE_SYS_WAIT_H 1
| #define HAVE_STRUCT_TM_TM_ZONE 1
| #define HAVE_TM_ZONE 1
| #define GETGROUPS_T gid_t
| /* end confdefs.h.  */
| #include <stdio.h>
| #ifdef HAVE_SYS_TYPES_H
| # include <sys/types.h>
| #endif
| #ifdef HAVE_SYS_STAT_H
| # include <sys/stat.h>
| #endif
| #ifdef STDC_HEADERS
| # include <stdlib.h>
| # include <stddef.h>
| #else
| # ifdef HAVE_STDLIB_H
| #  include <stdlib.h>
| # endif
| #endif
| #ifdef HAVE_STRING_H
| # if !defined STDC_HEADERS && defined HAVE_MEMORY_H
| #  include <memory.h>
| # endif
| # include <string.h>
| #endif
| #ifdef HAVE_STRINGS_H
| # include <strings.h>
| #endif
| #ifdef HAVE_INTTYPES_H
| # include <inttypes.h>
| #endif
| #ifdef HAVE_STDINT_H
| # include <stdint.h>
| #endif
| #ifdef HAVE_UNISTD_H
| # include <unistd.h>
| #endif
| int
| main ()
| {
| if (sizeof ((off_t)))
| 	  return 0;
|   ;
|   return 0;
| }
configure:8625: result: yes
configure:8637: checking for pid_t
configure:8665: gcc -c -g -O2  -I/usr/local/include conftest.c >&5
configure:8672: $? = 0
configure:8699: gcc -c -g -O2  -I/usr/local/include conftest.c >&5
conftest.c: In function 'main':
conftest.c:107:20: error: expected expression before ')' token
  107 | if (sizeof ((pid_t)))
      |                    ^
configure:8706: $? = 1
configure: failed program was:
| /* confdefs.h.  */
| #define PACKAGE_NAME ""
| #define PACKAGE_TARNAME ""
| #define PACKAGE_VERSION ""
| #define PACKAGE_STRING ""
| #define PACKAGE_BUGREPORT ""
| #define HAVE_PTHREADS 1
| #define HAVE_ABORT 1
| #define HAVE_CALLOC 1
| #define HAVE_GETPID 1
| #define HAVE_REWIND 1
| #define HAVE_SIGNAL 1
| #define HAVE_STRERROR 1
| #define HAVE_STRNCMP 1
| #define HAVE_STRNCPY 1
| #define HAVE_VFPRINTF 1
| #define HAVE_SNPRINTF 1
| #define HAVE_VSNPRINTF 1
| #define HAVE_ACCEPT4 1
| #define HAVE_FORK 1
| #define HAVE_IOCTL 1
| #define HAVE_KILL 1
| #define HAVE_SELECT 1
| #define HAVE_SETSID 1
| #define HAVE_TCGETATTR 1
| #define HAVE_NANOSLEEP 1
| #define HAVE_STRFTIME 1
| #define HAVE_STRSTR /**/
| #define HAVE_STRCASECMP /**/
| #define HAVE_MEMMOVE /**/
| #define HAVE_GETOPTLONG /**/
| #define HAVE_INETPTON /**/
| #define HAVE_LOCALTIME_R /**/
| #define STDC_HEADERS 1
| #define HAVE_SYS_TYPES_H 1
| #define HAVE_SYS_STAT_H 1
| #define HAVE_STDLIB_H 1
| #define HAVE_STRING_H 1
| #define HAVE_MEMORY_H 1
| #define HAVE_STRINGS_H 1
| #define HAVE_INTTYPES_H 1
| #define HAVE_STDINT_H 1
| #define HAVE_UNISTD_H 1
| #define HAVE_ARPA_INET_H 1
| #define HAVE_CTYPE_H 1
| #define HAVE_ERRNO_H 1
| #define HAVE_FCNTL_H 1
| #define HAVE_LIMITS_H 1
| #define HAVE_NETDB_H 1
| #define HAVE_NETINET_IN_H 1
| #define HAVE_SIGNAL_H 1
| #define HAVE_STDARG_H 1
| #define HAVE_STDIO_H 1
| #define HAVE_STDLIB_H 1
| #define HAVE_STRING_H 1
| #define HAVE_STRINGS_H 1
| #define HAVE_SYS_IOCTL_H 1
| #define HAVE_SYS_SOCKET_H 1
| #define HAVE_SYS_TYPES_H 1
| #define HAVE_SYSLOG_H 1
| #define HAVE_TERMIOS_H 1
| #define HAVE_UNISTD_H 1
| #define HAVE_ARPA_NAMESER_H 1
| #define HAVE_NAMESER_H /**/
| #define TIME_WITH_SYS_TIME 1
| #define HAVE_SYS_WAIT_H 1
| #define HAVE_STRUCT_TM_TM_ZONE 1
| #define HAVE_TM_ZONE 1
| #define GETGROUPS_T gid_t
| /* end confdefs.h.  */
| #include <stdio.h>
| #ifdef HAVE_SYS_TYPES_H
| # include <sys/types.h>
| #endif
| #ifdef HAVE_SYS_STAT_H
| # include <sys/stat.h>
| #endif
| #ifdef STDC_HEADERS
| # include <stdlib.h>
| # include <stddef.h>
| #else
| # ifdef HAVE_STDLIB_H
| #  include <stdlib.h>
| # endif
| #endif
| #ifdef HAVE_STRING_H
| # if !defined STDC_HEADERS && defined HAVE_MEMORY_H
| #  include <memory.h>
| # endif
| # include <string.h>
| #endif
| #ifdef HAVE_STRINGS_H
| # include <strings.h>
| #endif
| #ifdef HAVE_INTTYPES_H
| # include <inttypes.h>
| #endif
| #ifdef HAVE_STDINT_H
| # include <stdint.h>
| #endif
| #ifdef HAVE_UNISTD_H
| # include <unistd.h>
| #endif
| int
| main ()
| {
| if (sizeof ((pid_t)))
| 	  return 0;
|   ;
|   return 0;
| }
configure:8729: result: yes
configure:8741: checking return type of signal handlers
configure:8769: gcc -c -g -O2  -I/usr/local/include conftest.c >&5
conftest.c: In function 'main':
conftest.c:77:10: error: void value not ignored as it ought to be
   77 | return *(signal (0, 0)) (0) == 1;
      |         ~^~~~~~~~~~~~~~~~~~
configure:8776: $? = 1
configure: failed program was:
| /* confdefs.h.  */
| #define PACKAGE_NAME ""
| #define PACKAGE_TARNAME ""
| #define PACKAGE_VERSION ""
| #define PACKAGE_STRING ""
| #define PACKAGE_BUGREPORT ""
| #define HAVE_PTHREADS 1
| #define HAVE_ABORT 1
| #define HAVE_CALLOC 1
| #define HAVE_GETPID 1
| #define HAVE_REWIND 1
| #define HAVE_SIGNAL 1
| #define HAVE_STRERROR 1
| #define HAVE_STRNCMP 1
| #define HAVE_STRNCPY 1
| #define HAVE_VFPRINTF 1
| #define HAVE_SNPRINTF 1
| #define HAVE_VSNPRINTF 1
| #define HAVE_ACCEPT4 1
| #define HAVE_FORK 1
| #define HAVE_IOCTL 1
| #define HAVE_KILL 1
| #define HAVE_SELECT 1
| #define HAVE_SETSID 1
| #define HAVE_TCGETATTR 1
| #define HAVE_NANOSLEEP 1
| #define HAVE_STRFTIME 1
| #define HAVE_STRSTR /**/
| #define HAVE_STRCASECMP /**/
| #define HAVE_MEMMOVE /**/
| #define HAVE_GETOPTLONG /**/
| #define HAVE_INETPTON /**/
| #define HAVE_LOCALTIME_R /**/
| #define STDC_HEADERS 1
| #define HAVE_SYS_TYPES_H 1
| #define HAVE_SYS_STAT_H 1
| #define HAVE_STDLIB_H 1
| #define HAVE_STRING_H 1
| #define HAVE_MEMORY_H 1
| #define HAVE_STRINGS_H 1
| #define HAVE_INTTYPES_H 1
| #define HAVE_STDINT_H 1
| #define HAVE_UNISTD_H 1
| #define HAVE_ARPA_INET_H 1
| #define HAVE_CTYPE_H 1
| #define HAVE_ERRNO_H 1
| #define HAVE_FCNTL_H 1
| #define HAVE_LIMITS_H 1
| #define HAVE_NETDB_H 1
| #define HAVE_NETINET_IN_H 1
| #define HAVE_SIGNAL_H 1
| #define HAVE_STDARG_H 1
| #define HAVE_STDIO_H 1
| #define HAVE_STDLIB_H 1
| #define HAVE_STRING_H 1
| #define HAVE_STRINGS_H 1
| #define HAVE_SYS_IOCTL_H 1
| #define HAVE_SYS_SOCKET_H 1
| #define HAVE_SYS_TYPES_H 1
| #define HAVE_SYSLOG_H 1
| #define HAVE_TERMIOS_H 1
| #define HAVE_UNISTD_H 1
| #define HAVE_ARPA_NAMESER_H 1
| #define HAVE_NAMESER_H /**/
| #define TIME_WITH_SYS_TIME 1
| #define HAVE_SYS_WAIT_H 1
| #define HAVE_STRUCT_TM_TM_ZONE 1
| #define HAVE_TM_ZONE 1
| #define GETGROUPS_T gid_t
| /* end confdefs.h.  */
| #include <sys/types.h>
| #include <signal.h>
| 
| int
| main ()
| {
| return *(signal (0, 0)) (0) == 1;
|   ;
|   return 0;
| }
configure:8791: result: void
configure:8799: checking for size_t
configure:8827: gcc -c -g -O2  -I/usr/local/include conftest.c >&5
configure:8834: $? = 0
configure:8861: gcc -c -g -O2  -I/usr/local/include conftest.c >&5
conftest.c: In function 'main':
conftest.c:108:21: error: expected expression before ')' token
  108 | if (sizeof ((size_t)))
      |                     ^
configure:8868: $? = 1
configure: failed program was:
| /* confdefs.h.  */
| #define PACKAGE_NAME ""
| #define PACKAGE_TARNAME ""
| #define PACKAGE_VERSION ""
| #define PACKAGE_STRING ""
| #define PACKAGE_BUGREPORT ""
| #define HAVE_PTHREADS 1
| #define HAVE_ABORT 1
| #define HAVE_CALLOC 1
| #define HAVE_GETPID 1
| #define HAVE_REWIND 1
| #define HAVE_SIGNAL 1
| #define HAVE_STRERROR 1
| #define HAVE_STRNCMP 1
| #define HAVE_STRNCPY 1
| #define HAVE_VFPRINTF 1
| #define HAVE_SNPRINTF 1
| #define HAVE_VSNPRINTF 1
| #define HAVE_ACCEPT4 1
| #define HAVE_FORK 1
| #define HAVE_IOCTL 1
| #define HAVE_KILL 1
| #define HAVE_SELECT 1
| #define HAVE_SETSID 1
| #define HAVE_TCGETATTR 1
| #define HAVE_NANOSLEEP 1
| #define HAVE_STRFTIME 1
| #define HAVE_STRSTR /**/
| #define HAVE_STRCASECMP /**/
| #define HAVE_MEMMOVE /**/
| #define HAVE_GETOPTLONG /**/
| #define HAVE_INETPTON /**/
| #define HAVE_LOCALTIME_R /**/
| #define STDC_HEADERS 1
| #define HAVE_SYS_TYPES_H 1
| #define HAVE_SYS_STAT_H 1
| #define HAVE_STDLIB_H 1
| #define HAVE_STRING_H 1
| #define HAVE_MEMORY_H 1
| #define HAVE_STRINGS_H 1
| #define HAVE_INTTYPES_H 1
| #define HAVE_STDINT_H 1
| #define HAVE_UNISTD_H 1
| #define HAVE_ARPA_INET_H 1
| #define HAVE_CTYPE_H 1
| #define HAVE_ERRNO_H 1
| #define HAVE_FCNTL_H 1
| #define HAVE_LIMITS_H 1
| #define HAVE_NETDB_H 1
| #define HAVE_NETINET_IN_H 1
| #define HAVE_SIGNAL_H 1
| #define HAVE_STDARG_H 1
| #define HAVE_STDIO_H 1
| #define HAVE_STDLIB_H 1
| #define HAVE_STRING_H 1
| #define HAVE_STRINGS_H 1
| #define HAVE_SYS_IOCTL_H 1
| #define HAVE_SYS_SOCKET_H 1
| #define HAVE_SYS_TYPES_H 1
| #define HAVE_SYSLOG_H 1
| #define HAVE_TERMIOS_H 1
| #define HAVE_UNISTD_H 1
| #define HAVE_ARPA_NAMESER_H 1
| #define HAVE_NAMESER_H /**/
| #define TIME_WITH_SYS_TIME 1
| #define HAVE_SYS_WAIT_H 1
| #define HAVE_STRUCT_TM_TM_ZONE 1
| #define HAVE_TM_ZONE 1
| #define GETGROUPS_T gid_t
| #define RETSIGTYPE void
| /* end confdefs.h.  */
| #include <stdio.h>
| #ifdef HAVE_SYS_TYPES_H
| # include <sys/types.h>
| #endif
| #ifdef HAVE_SYS_STAT_H
| # include <sys/stat.h>
| #endif
| #ifdef STDC_HEADERS
| # include <stdlib.h>
| # include <stddef.h>
| #else
| # ifdef HAVE_STDLIB_H
| #  include <stdlib.h>
| # endif
| #endif
| #ifdef HAVE_STRING_H
| # if !defined STDC_HEADERS && defined HAVE_MEMORY_H
| #  include <memory.h>
| # endif
| # include <string.h>
| #endif
| #ifdef HAVE_STRINGS_H
| # include <strings.h>
| #endif
| #ifdef HAVE_INTTYPES_H
| # include <inttypes.h>
| #endif
| #ifdef HAVE_STDINT_H
| # include <stdint.h>
| #endif
| #ifdef HAVE_UNISTD_H
| # include <unistd.h>
| #endif
| int
| main ()
| {
| if (sizeof ((size_t)))
| 	  return 0;
|   ;
|   return 0;
| }
configure:8891: result: yes
configure:8903: checking for uid_t in sys/types.h
configure:8926: result: yes
configure:8941: checking for socklen_t
configure:8968: gcc -c -g -O2  -I/usr/local/include conftest.c >&5
configure:8975: $? = 0
configure:8980: result: yes
configure:9051: checking for X
configure:9166: gcc -E  -I/usr/local/include conftest.c
conftest.c:72:10: fatal error: X11/Xlib.h: No such file or directory
   72 | #include <X11/Xlib.h>
      |          ^~~~~~~~~~~~
compilation terminated.
configure:9173: $? = 1
configure: failed program was:
| /* confdefs.h.  */
| #define PACKAGE_NAME ""
| #define PACKAGE_TARNAME ""
| #define PACKAGE_VERSION ""
| #define PACKAGE_STRING ""
| #define PACKAGE_BUGREPORT ""
| #define HAVE_PTHREADS 1
| #define HAVE_ABORT 1
| #define HAVE_CALLOC 1
| #define HAVE_GETPID 1
| #define HAVE_REWIND 1
| #define HAVE_SIGNAL 1
| #define HAVE_STRERROR 1
| #define HAVE_STRNCMP 1
| #define HAVE_STRNCPY 1
| #define HAVE_VFPRINTF 1
| #define HAVE_SNPRINTF 1
| #define HAVE_VSNPRINTF 1
| #define HAVE_ACCEPT4 1
| #define HAVE_FORK 1
| #define HAVE_IOCTL 1
| #define HAVE_KILL 1
| #define HAVE_SELECT 1
| #define HAVE_SETSID 1
| #define HAVE_TCGETATTR 1
| #define HAVE_NANOSLEEP 1
| #define HAVE_STRFTIME 1
| #define HAVE_STRSTR /**/
| #define HAVE_STRCASECMP /**/
| #define HAVE_MEMMOVE /**/
| #define HAVE_GETOPTLONG /**/
| #define HAVE_INETPTON /**/
| #define HAVE_LOCALTIME_R /**/
| #define STDC_HEADERS 1
| #define HAVE_SYS_TYPES_H 1
| #define HAVE_SYS_STAT_H 1
| #define HAVE_STDLIB_H 1
| #define HAVE_STRING_H 1
| #define HAVE_MEMORY_H 1
| #define HAVE_STRINGS_H 1
| #define HAVE_INTTYPES_H 1
| #define HAVE_STDINT_H 1
| #define HAVE_UNISTD_H 1
| #define HAVE_ARPA_INET_H 1
| #define HAVE_CTYPE_H 1
| #define HAVE_ERRNO_H 1
| #define HAVE_FCNTL_H 1
| #define HAVE_LIMITS_H 1
| #define HAVE_NETDB_H 1
| #define HAVE_NETINET_IN_H 1
| #define HAVE_SIGNAL_H 1
| #define HAVE_STDARG_H 1
| #define HAVE_STDIO_H 1
| #define HAVE_STDLIB_H 1
| #define HAVE_STRING_H 1
| #define HAVE_STRINGS_H 1
| #define HAVE_SYS_IOCTL_H 1
| #define HAVE_SYS_SOCKET_H 1
| #define HAVE_SYS_TYPES_H 1
| #define HAVE_SYSLOG_H 1
| #define HAVE_TERMIOS_H 1
| #define HAVE_UNISTD_H 1
| #define HAVE_ARPA_NAMESER_H 1
| #define HAVE_NAMESER_H /**/
| #define TIME_WITH_SYS_TIME 1
| #define HAVE_SYS_WAIT_H 1
| #define HAVE_STRUCT_TM_TM_ZONE 1
| #define HAVE_TM_ZONE 1
| #define GETGROUPS_T gid_t
| #define RETSIGTYPE void
| /* end confdefs.h.  */
| #include <X11/Xlib.h>
configure:9222: gcc -o conftest -g -O2  -I/usr/local/include  -L/usr/local/lib conftest.c -lX11  >&5
conftest.c:72:10: fatal error: X11/Xlib.h: No such file or directory
   72 | #include <X11/Xlib.h>
      |          ^~~~~~~~~~~~
compilation terminated.
configure:9229: $? = 1
configure: failed program was:
| /* confdefs.h.  */
| #define PACKAGE_NAME ""
| #define PACKAGE_TARNAME ""
| #define PACKAGE_VERSION ""
| #define PACKAGE_STRING ""
| #define PACKAGE_BUGREPORT ""
| #define HAVE_PTHREADS 1
| #define HAVE_ABORT 1
| #define HAVE_CALLOC 1
| #define HAVE_GETPID 1
| #define HAVE_REWIND 1
| #define HAVE_SIGNAL 1
| #define HAVE_STRERROR 1
| #define HAVE_STRNCMP 1
| #define HAVE_STRNCPY 1
| #define HAVE_VFPRINTF 1
| #define HAVE_SNPRINTF 1
| #define HAVE_VSNPRINTF 1
| #define HAVE_ACCEPT4 1
| #define HAVE_FORK 1
| #define HAVE_IOCTL 1
| #define HAVE_KILL 1
| #define HAVE_SELECT 1
| #define HAVE_SETSID 1
| #define HAVE_TCGETATTR 1
| #define HAVE_NANOSLEEP 1
| #define HAVE_STRFTIME 1
| #define HAVE_STRSTR /**/
| #define HAVE_STRCASECMP /**/
| #define HAVE_MEMMOVE /**/
| #define HAVE_GETOPTLONG /**/
| #define HAVE_INETPTON /**/
| #define HAVE_LOCALTIME_R /**/
| #define STDC_HEADERS 1
| #define HAVE_SYS_TYPES_H 1
| #define HAVE_SYS_STAT_H 1
| #define HAVE_STDLIB_H 1
| #define HAVE_STRING_H 1
| #define HAVE_MEMORY_H 1
| #define HAVE_STRINGS_H 1
| #define HAVE_INTTYPES_H 1
| #define HAVE_STDINT_H 1
| #define HAVE_UNISTD_H 1
| #define HAVE_ARPA_INET_H 1
| #define HAVE_CTYPE_H 1
| #define HAVE_ERRNO_H 1
| #define HAVE_FCNTL_H 1
| #define HAVE_LIMITS_H 1
| #define HAVE_NETDB_H 1
| #define HAVE_NETINET_IN_H 1
| #define HAVE_SIGNAL_H 1
| #define HAVE_STDARG_H 1
| #define HAVE_STDIO_H 1
| #define HAVE_STDLIB_H 1
| #define HAVE_STRING_H 1
| #define HAVE_STRINGS_H 1
| #define HAVE_SYS_IOCTL_H 1
| #define HAVE_SYS_SOCKET_H 1
| #define HAVE_SYS_TYPES_H 1
| #define HAVE_SYSLOG_H 1
| #define HAVE_TERMIOS_H 1
| #define HAVE_UNISTD_H 1
| #define HAVE_ARPA_NAMESER_H 1
| #define HAVE_NAMESER_H /**/
| #define TIME_WITH_SYS_TIME 1
| #define HAVE_SYS_WAIT_H 1
| #define HAVE_STRUCT_TM_TM_ZONE 1
| #define HAVE_TM_ZONE 1
| #define GETGROUPS_T gid_t
| #define RETSIGTYPE void
| /* end confdefs.h.  */
| #include <X11/Xlib.h>
| int
| main ()
| {
| XrmInitialize ()
|   ;
|   return 0;
| }
configure:9280: result: no
configure:10429: checking whether #! works in shell scripts
configure:10446: result: yes
configure:10560: result: Using halpolicydir=/usr/share/hal/fdi/policy/20thirdparty
configure:11465: result: Using Linux USB driver.
configure:11828: checking for pkg-config
configure:11861: result: no
configure:12056: checking how many arguments gethostbyname_r() takes
configure:12101: gcc -c -g -O2  -I/usr/local/include conftest.c >&5
conftest.c: In function 'main':
conftest.c:89:19: error: too few arguments to function 'gethostbyname_r'
   89 |             (void)gethostbyname_r(name) /* ; */
      |                   ^~~~~~~~~~~~~~~
In file included from conftest.c:83:
/usr/include/netdb.h:177:12: note: declared here
  177 | extern int gethostbyname_r (const char *__restrict __name,
      |            ^~~~~~~~~~~~~~~
configure:12108: $? = 1
configure: failed program was:
| /* confdefs.h.  */
| #define PACKAGE_NAME ""
| #define PACKAGE_TARNAME ""
| #define PACKAGE_VERSION ""
| #define PACKAGE_STRING ""
| #define PACKAGE_BUGREPORT ""
| #define HAVE_PTHREADS 1
| #define HAVE_ABORT 1
| #define HAVE_CALLOC 1
| #define HAVE_GETPID 1
| #define HAVE_REWIND 1
| #define HAVE_SIGNAL 1
| #define HAVE_STRERROR 1
| #define HAVE_STRNCMP 1
| #define HAVE_STRNCPY 1
| #define HAVE_VFPRINTF 1
| #define HAVE_SNPRINTF 1
| #define HAVE_VSNPRINTF 1
| #define HAVE_ACCEPT4 1
| #define HAVE_FORK 1
| #define HAVE_IOCTL 1
| #define HAVE_KILL 1
| #define HAVE_SELECT 1
| #define HAVE_SETSID 1
| #define HAVE_TCGETATTR 1
| #define HAVE_NANOSLEEP 1
| #define HAVE_STRFTIME 1
| #define HAVE_STRSTR /**/
| #define HAVE_STRCASECMP /**/
| #define HAVE_MEMMOVE /**/
| #define HAVE_GETOPTLONG /**/
| #define HAVE_INETPTON /**/
| #define HAVE_LOCALTIME_R /**/
| #define STDC_HEADERS 1
| #define HAVE_SYS_TYPES_H 1
| #define HAVE_SYS_STAT_H 1
| #define HAVE_STDLIB_H 1
| #define HAVE_STRING_H 1
| #define HAVE_MEMORY_H 1
| #define HAVE_STRINGS_H 1
| #define HAVE_INTTYPES_H 1
| #define HAVE_STDINT_H 1
| #define HAVE_UNISTD_H 1
| #define HAVE_ARPA_INET_H 1
| #define HAVE_CTYPE_H 1
| #define HAVE_ERRNO_H 1
| #define HAVE_FCNTL_H 1
| #define HAVE_LIMITS_H 1
| #define HAVE_NETDB_H 1
| #define HAVE_NETINET_IN_H 1
| #define HAVE_SIGNAL_H 1
| #define HAVE_STDARG_H 1
| #define HAVE_STDIO_H 1
| #define HAVE_STDLIB_H 1
| #define HAVE_STRING_H 1
| #define HAVE_STRINGS_H 1
| #define HAVE_SYS_IOCTL_H 1
| #define HAVE_SYS_SOCKET_H 1
| #define HAVE_SYS_TYPES_H 1
| #define HAVE_SYSLOG_H 1
| #define HAVE_TERMIOS_H 1
| #define HAVE_UNISTD_H 1
| #define HAVE_ARPA_NAMESER_H 1
| #define HAVE_NAMESER_H /**/
| #define TIME_WITH_SYS_TIME 1
| #define HAVE_SYS_WAIT_H 1
| #define HAVE_STRUCT_TM_TM_ZONE 1
| #define HAVE_TM_ZONE 1
| #define GETGROUPS_T gid_t
| #define RETSIGTYPE void
| #define X_DISPLAY_MISSING 1
| #define HAVE_LINUX_OS /**/
| #define HAVE_APCSMART_DRIVER 1
| #define HAVE_DUMB_DRIVER 1
| #define HAVE_USB_DRIVER /**/
| #define HAVE_NET_DRIVER 1
| #define HAVE_SNMPLITE_DRIVER 1
| #define HAVE_PCNET_DRIVER 1
| #define HAVE_MODBUS_DRIVER 1
| #define HAVE_NISSERVER /**/
| #define HAVE_NISLIB /**/
| /* end confdefs.h.  */
| #include <netdb.h>
| int
| main ()
| {
| 
| 	    char *name = "www.gnu.org";
| 	    (void)gethostbyname_r(name) /* ; */
| 
|   ;
|   return 0;
| }
configure:12158: gcc -c -g -O2  -I/usr/local/include conftest.c >&5
configure:12165: $? = 0
configure:12323: result: six
configure:12410: checking if libsupc++ is required
configure:12425: result: yes
configure:12449: checking whether C compiler accepts -fno-exceptions
configure:12478: gcc -c -g -O2  -fno-exceptions  -I/usr/local/include conftest.c >&5
conftest.c:83: warning: "HAVE_FUNC_GETHOSTBYNAME_R_6" redefined
   83 | #define HAVE_FUNC_GETHOSTBYNAME_R_6 /**/
      | 
conftest.c:82: note: this is the location of the previous definition
   82 | #define HAVE_FUNC_GETHOSTBYNAME_R_6 1
      | 
configure:12485: $? = 0
configure:12501: result: yes
configure:12510: checking whether C compiler accepts -fno-rtti
configure:12539: gcc -c -g -O2  -fno-rtti  -I/usr/local/include conftest.c >&5
cc1: warning: command-line option '-fno-rtti' is valid for C++/D/ObjC++ but not for C
conftest.c:83: warning: "HAVE_FUNC_GETHOSTBYNAME_R_6" redefined
   83 | #define HAVE_FUNC_GETHOSTBYNAME_R_6 /**/
      | 
conftest.c:82: note: this is the location of the previous definition
   82 | #define HAVE_FUNC_GETHOSTBYNAME_R_6 1
      | 
configure:12546: $? = 0
configure:12562: result: yes
configure:12572: checking whether C compiler accepts -Wall
configure:12601: gcc -c -g -O2  -Wall  -I/usr/local/include conftest.c >&5
conftest.c:83: warning: "HAVE_FUNC_GETHOSTBYNAME_R_6" redefined
   83 | #define HAVE_FUNC_GETHOSTBYNAME_R_6 /**/
      | 
conftest.c:82: note: this is the location of the previous definition
   82 | #define HAVE_FUNC_GETHOSTBYNAME_R_6 1
      | 
configure:12608: $? = 0
configure:12624: result: yes
configure:12633: checking whether C compiler accepts -Wno-unused-result
configure:12662: gcc -c -g -O2  -Wno-unused-result  -I/usr/local/include conftest.c >&5
conftest.c:83: warning: "HAVE_FUNC_GETHOSTBYNAME_R_6" redefined
   83 | #define HAVE_FUNC_GETHOSTBYNAME_R_6 /**/
      | 
conftest.c:82: note: this is the location of the previous definition
   82 | #define HAVE_FUNC_GETHOSTBYNAME_R_6 1
      | 
configure:12669: $? = 0
configure:12685: result: yes
configure:12739: checking for wait
configure:12795: gcc -o conftest -g -O2  -I/usr/local/include  -L/usr/local/lib conftest.c  -lsupc++ >&5
conftest.c:83: warning: "HAVE_FUNC_GETHOSTBYNAME_R_6" redefined
   83 | #define HAVE_FUNC_GETHOSTBYNAME_R_6 /**/
      | 
conftest.c:82: note: this is the location of the previous definition
   82 | #define HAVE_FUNC_GETHOSTBYNAME_R_6 1
      | 
configure:12802: $? = 0
configure:12824: result: yes
configure:12739: checking for waitpid
configure:12795: gcc -o conftest -g -O2  -I/usr/local/include  -L/usr/local/lib conftest.c  -lsupc++ >&5
conftest.c:83: warning: "HAVE_FUNC_GETHOSTBYNAME_R_6" redefined
   83 | #define HAVE_FUNC_GETHOSTBYNAME_R_6 /**/
      | 
conftest.c:82: note: this is the location of the previous definition
   82 | #define HAVE_FUNC_GETHOSTBYNAME_R_6 1
      | 
configure:12802: $? = 0
configure:12824: result: yes
configure:12739: checking for wait3
configure:12795: gcc -o conftest -g -O2  -I/usr/local/include  -L/usr/local/lib conftest.c  -lsupc++ >&5
conftest.c:83: warning: "HAVE_FUNC_GETHOSTBYNAME_R_6" redefined
   83 | #define HAVE_FUNC_GETHOSTBYNAME_R_6 /**/
      | 
conftest.c:82: note: this is the location of the previous definition
   82 | #define HAVE_FUNC_GETHOSTBYNAME_R_6 1
      | 
configure:12802: $? = 0
configure:12824: result: yes
configure:13522: creating ./config.status

## ---------------------- ##
## Running config.status. ##
## ---------------------- ##

This file was extended by config.status, which was
generated by GNU Autoconf 2.63.  Invocation command line was

  CONFIG_FILES    = 
  CONFIG_HEADERS  = 
  CONFIG_LINKS    = 
  CONFIG_COMMANDS = 
  $ ./config.status 

on ATG-P1v5ID7OC

config.status:903: creating autoconf/variables.mak
config.status:1050: WARNING:  'autoconf/variables.mak.in' seems to ignore the --datarootdir setting
config.status:903: creating platforms/apccontrol
config.status:903: creating platforms/etc/changeme
config.status:903: creating platforms/etc/commfailure
config.status:903: creating platforms/etc/commok
config.status:903: creating platforms/etc/offbattery
config.status:903: creating platforms/etc/onbattery
config.status:903: creating platforms/etc/apcupsd.conf
config.status:887: error: cannot find input file: examples/safe.apccontrol.in

## ---------------- ##
## Cache variables. ##
## ---------------- ##

_cv_gnu_make_command=make
ac_cv_build=x86_64-unknown-linux-gnu
ac_cv_c_compiler_gnu=yes
ac_cv_cxx_compiler_gnu=yes
ac_cv_env_CCC_set=
ac_cv_env_CCC_value=
ac_cv_env_CC_set=
ac_cv_env_CC_value=
ac_cv_env_CFLAGS_set=
ac_cv_env_CFLAGS_value=
ac_cv_env_CPPFLAGS_set=
ac_cv_env_CPPFLAGS_value=
ac_cv_env_CPP_set=
ac_cv_env_CPP_value=
ac_cv_env_CXXFLAGS_set=
ac_cv_env_CXXFLAGS_value=
ac_cv_env_CXX_set=
ac_cv_env_CXX_value=
ac_cv_env_GAPCMON_CFLAGS_set=
ac_cv_env_GAPCMON_CFLAGS_value=
ac_cv_env_GAPCMON_LIBS_set=
ac_cv_env_GAPCMON_LIBS_value=
ac_cv_env_LDFLAGS_set=
ac_cv_env_LDFLAGS_value=
ac_cv_env_LIBS_set=
ac_cv_env_LIBS_value=
ac_cv_env_PKG_CONFIG_set=
ac_cv_env_PKG_CONFIG_value=
ac_cv_env_XMKMF_set=
ac_cv_env_XMKMF_value=
ac_cv_env_build_alias_set=
ac_cv_env_build_alias_value=
ac_cv_env_host_alias_set=
ac_cv_env_host_alias_value=
ac_cv_env_target_alias_set=
ac_cv_env_target_alias_value=
ac_cv_func_abort=yes
ac_cv_func_accept4=yes
ac_cv_func_calloc=yes
ac_cv_func_fork=yes
ac_cv_func_getopt_long=yes
ac_cv_func_getpid=yes
ac_cv_func_inet_pton=yes
ac_cv_func_ioctl=yes
ac_cv_func_kill=yes
ac_cv_func_localtime_r=yes
ac_cv_func_memmove=yes
ac_cv_func_rewind=yes
ac_cv_func_select=yes
ac_cv_func_setsid=yes
ac_cv_func_signal=yes
ac_cv_func_snprintf=yes
ac_cv_func_strcasecmp=yes
ac_cv_func_strchr=yes
ac_cv_func_strerror=yes
ac_cv_func_strftime=yes
ac_cv_func_strlcat=no
ac_cv_func_strlcpy=no
ac_cv_func_strncmp=yes
ac_cv_func_strncpy=yes
ac_cv_func_strstr=yes
ac_cv_func_tcgetattr=yes
ac_cv_func_vfprintf=yes
ac_cv_func_vsnprintf=yes
ac_cv_func_wait3=yes
ac_cv_func_wait=yes
ac_cv_func_waitpid=yes
ac_cv_func_which_gethostbyname_r=six
ac_cv_have_x=have_x=no
ac_cv_header_arpa_inet_h=yes
ac_cv_header_arpa_nameser_h=yes
ac_cv_header_ctype_h=yes
ac_cv_header_errno_h=yes
ac_cv_header_fcntl_h=yes
ac_cv_header_inttypes_h=yes
ac_cv_header_limits_h=yes
ac_cv_header_memory_h=yes
ac_cv_header_netdb_h=yes
ac_cv_header_netinet_in_h=yes
ac_cv_header_signal_h=yes
ac_cv_header_stat_broken=no
ac_cv_header_stdarg_h=yes
ac_cv_header_stdc=yes
ac_cv_header_stdint_h=yes
ac_cv_header_stdio_h=yes
ac_cv_header_stdlib_h=yes
ac_cv_header_string_h=yes
ac_cv_header_strings_h=yes
ac_cv_header_sys_ioctl_h=yes
ac_cv_header_sys_socket_h=yes
ac_cv_header_sys_stat_h=yes
ac_cv_header_sys_types_h=yes
ac_cv_header_sys_wait_h=yes
ac_cv_header_syslog_h=yes
ac_cv_header_termios_h=yes
ac_cv_header_time=yes
ac_cv_header_unistd_h=yes
ac_cv_host=x86_64-unknown-linux-gnu
ac_cv_member_struct_tm_tm_zone=yes
ac_cv_objext=o
ac_cv_path_APCUPSD_MAIL=/usr/bin/mail
ac_cv_path_CP=/usr/bin/cp
ac_cv_path_ECHO=/usr/bin/echo
ac_cv_path_EGREP='/usr/bin/grep -E'
ac_cv_path_FALSEPRG=/usr/bin/false
ac_cv_path_GREP=/usr/bin/grep
ac_cv_path_LN=/usr/bin/ln
ac_cv_path_MV=/usr/bin/mv
ac_cv_path_RM=/usr/bin/rm
ac_cv_path_SCRIPTSHELL=/usr/bin/sh
ac_cv_path_SED=/usr/bin/sed
ac_cv_path_SHUTDOWN=/usr/sbin/shutdown
ac_cv_path_TRUEPRG=/usr/bin/true
ac_cv_path_WALL=/usr/bin/wall
ac_cv_path_install='/usr/bin/install -c'
ac_cv_prog_AWK=mawk
ac_cv_prog_CPP='gcc -E'
ac_cv_prog_ac_ct_AR=ar
ac_cv_prog_ac_ct_CC=gcc
ac_cv_prog_ac_ct_CXX=g++
ac_cv_prog_ac_ct_RANLIB=ranlib
ac_cv_prog_ac_ct_STRP=strip
ac_cv_prog_cc_c89=
ac_cv_prog_cc_g=yes
ac_cv_prog_cxx_g=yes
ac_cv_search_gethostbyname='none required'
ac_cv_search_gethostbyname_r='none required'
ac_cv_search_gethostname='none required'
ac_cv_search_inet_addr='none required'
ac_cv_search_nanosleep='none required'
ac_cv_search_socket='none required'
ac_cv_search_strerror='none required'
ac_cv_struct_tm=time.h
ac_cv_sys_interpreter=yes
ac_cv_type_getgroups=gid_t
ac_cv_type_mode_t=yes
ac_cv_type_off_t=yes
ac_cv_type_pid_t=yes
ac_cv_type_signal=void
ac_cv_type_size_t=yes
ac_cv_type_uid_t=yes
ax_cv_check_cflags___Wall=yes
ax_cv_check_cflags___Wno_unused_result=yes
ax_cv_check_cflags___fno_exceptions=yes
ax_cv_check_cflags___fno_rtti=yes

## ----------------- ##
## Output variables. ##
## ----------------- ##

ABSSRCDIR='/home/adatageadmin/apcupsd-3.14.14'
APCACCESS='apcaccess'
APCAGENT=''
APCDRVLIBS=' $(topdir)/src/drivers/libdrivers.a $(topdir)/src/drivers/apcsmart/libapcsmartdrv.a $(topdir)/src/drivers/dumb/libdumbdrv.a $(topdir)/src/drivers/usb/libusbdrv.a $(topdir)/src/drivers/net/libnetdrv.a $(topdir)/src/drivers/snmplite/libsnmplitedrv.a $(topdir)/src/drivers/pcnet/libpcnetdrv.a $(topdir)/src/drivers/modbus/libmodbusdrv.a'
APCSMART_DRIVER='apcsmart'
APCTEST='apctest'
APCUPSD_MAIL='/usr/bin/mail'
AR='ar'
AWK='mawk'
BG=''
CC='gcc'
CFLAGS='-g -O2'
CGI=''
CGIBIN='/etc/apcupsd'
CP='/usr/bin/cp'
CPP='gcc -E'
CPPFLAGS=' -I/usr/local/include'
CROSSTOOLS=''
CXX='g++'
CXXFLAGS='-g -O2 -fno-exceptions -fno-rtti -Wall -Wno-unused-result'
DATE='31 May 2016'
DEBUG=''
DEFS='-DHAVE_CONFIG_H'
DEPKGS=''
DISTDIR='debian'
DISTNAME='debian'
DISTVER='12.5'
DRVLIBS=''
DUMB_DRIVER='dumb'
ECHO='/usr/bin/echo'
ECHO_C=''
ECHO_N='-n'
ECHO_T=''
EGREP='/usr/bin/grep -E'
EXEEXT=''
EXTRADEFS=''
EXTRAOBJ=''
FALSEPRG='/usr/bin/false'
GAPCMON=''
GAPCMON_CFLAGS=' -DHAVE_FUNC_GETHOSTBYNAME_R_6'
GAPCMON_LIBS=''
GDHEAD=''
GD_LIBS=''
GREP='/usr/bin/grep'
HALPOLICYDIR='/usr/share/hal/fdi/policy/20thirdparty'
HOST='debian'
INSTALL_DATA='${INSTALL} -m 644'
INSTALL_PROGRAM='${INSTALL}'
INSTALL_SCRIPT='${INSTALL}'
LD='gcc'
LDFLAGS=' -L/usr/local/lib'
LIBEXTRAOBJ=''
LIBOBJS=''
LIBS=' -lsupc++'
LIBUSBH=''
LIBUSBHID=''
LN='/usr/bin/ln'
LOCKDIR='/var/lock'
LOGDIR='/var/log'
LTLIBOBJS=''
MAKE='make'
MKINSTALLDIRS='/home/adatageadmin/apcupsd-3.14.14/autoconf/mkinstalldirs'
MODBUS_DRIVER='modbus'
MODBUS_USB_DRIVER=''
MV='/usr/bin/mv'
NET_DRIVER='net'
NISIP='0.0.0.0'
NISPORT='3551'
OBJEXT='o'
PACKAGE_BUGREPORT=''
PACKAGE_NAME=''
PACKAGE_STRING=''
PACKAGE_TARNAME=''
PACKAGE_VERSION=''
PATH_SEPARATOR=':'
PCNET_DRIVER='pcnet'
PIDDIR='/var/run'
PKG_CONFIG=''
PTHREAD_CFLAGS=''
PTHREAD_LFLAGS='-lpthread'
PWRFAILDIR='/etc/apcupsd'
RANLIB='ranlib'
RM='/usr/bin/rm'
RST2HTML=''
RST2PDF=''
SCRIPTSHELL='/usr/bin/sh'
SED='/usr/bin/sed'
SERIALDEV='/dev/ttyS0'
SHELL='/bin/bash'
SHUTDOWN='/usr/sbin/shutdown'
SMTP='smtp'
SNMPLITE_DRIVER='snmplite'
STRP='strip'
SYSCONFDIR=''
TEST_DRIVER=''
TOP_DIR='/home/adatageadmin'
TRUEPRG='/usr/bin/true'
UPSCABLE='smart'
UPSTYPE='apcsmart'
USB_DRIVER='usb'
USB_TYPE='linux'
VERSION='3.14.14'
WALL='/usr/bin/wall'
WIN32=''
WINDRES=''
XMKMF=''
X_CFLAGS=''
X_EXTRA_LIBS=''
X_LIBS=''
X_PRE_LIBS=''
ac_ct_CC='gcc'
ac_ct_CXX='g++'
ac_ct_STRP='strip'
bindir='${exec_prefix}/bin'
build='x86_64-unknown-linux-gnu'
build_alias=''
build_cpu='x86_64'
build_os='linux-gnu'
build_vendor='unknown'
datadir='${datarootdir}'
datarootdir='${prefix}/share'
docdir='${datarootdir}/doc/${PACKAGE}'
dvidir='${docdir}'
exec_prefix='${prefix}'
host='x86_64-unknown-linux-gnu'
host_alias=''
host_cpu='x86_64'
host_os='linux-gnu'
host_vendor='unknown'
htmldir='${docdir}'
includedir='${prefix}/include'
infodir='${datarootdir}/info'
libdir='/usr/local/lib'
libexecdir='${exec_prefix}/libexec'
localedir='${datarootdir}/locale'
localstatedir='${prefix}/var'
mandir='${datarootdir}/man'
nologdir='/etc'
oldincludedir='/usr/include'
pdfdir='${docdir}'
prefix='/usr'
program_transform_name='s,x,x,'
psdir='${docdir}'
sbindir='/sbin'
sharedstatedir='${prefix}/com'
sysconfdir='/etc/apcupsd'
target_alias=''
topdir='/home/adatageadmin/apcupsd-3.14.14'
usbcfg=''

## ----------- ##
## confdefs.h. ##
## ----------- ##

#define PACKAGE_NAME ""
#define PACKAGE_TARNAME ""
#define PACKAGE_VERSION ""
#define PACKAGE_STRING ""
#define PACKAGE_BUGREPORT ""
#define HAVE_PTHREADS 1
#define HAVE_ABORT 1
#define HAVE_CALLOC 1
#define HAVE_GETPID 1
#define HAVE_REWIND 1
#define HAVE_SIGNAL 1
#define HAVE_STRERROR 1
#define HAVE_STRNCMP 1
#define HAVE_STRNCPY 1
#define HAVE_VFPRINTF 1
#define HAVE_SNPRINTF 1
#define HAVE_VSNPRINTF 1
#define HAVE_ACCEPT4 1
#define HAVE_FORK 1
#define HAVE_IOCTL 1
#define HAVE_KILL 1
#define HAVE_SELECT 1
#define HAVE_SETSID 1
#define HAVE_TCGETATTR 1
#define HAVE_NANOSLEEP 1
#define HAVE_STRFTIME 1
#define HAVE_STRSTR /**/
#define HAVE_STRCASECMP /**/
#define HAVE_MEMMOVE /**/
#define HAVE_GETOPTLONG /**/
#define HAVE_INETPTON /**/
#define HAVE_LOCALTIME_R /**/
#define STDC_HEADERS 1
#define HAVE_SYS_TYPES_H 1
#define HAVE_SYS_STAT_H 1
#define HAVE_STDLIB_H 1
#define HAVE_STRING_H 1
#define HAVE_MEMORY_H 1
#define HAVE_STRINGS_H 1
#define HAVE_INTTYPES_H 1
#define HAVE_STDINT_H 1
#define HAVE_UNISTD_H 1
#define HAVE_ARPA_INET_H 1
#define HAVE_CTYPE_H 1
#define HAVE_ERRNO_H 1
#define HAVE_FCNTL_H 1
#define HAVE_LIMITS_H 1
#define HAVE_NETDB_H 1
#define HAVE_NETINET_IN_H 1
#define HAVE_SIGNAL_H 1
#define HAVE_STDARG_H 1
#define HAVE_STDIO_H 1
#define HAVE_STDLIB_H 1
#define HAVE_STRING_H 1
#define HAVE_STRINGS_H 1
#define HAVE_SYS_IOCTL_H 1
#define HAVE_SYS_SOCKET_H 1
#define HAVE_SYS_TYPES_H 1
#define HAVE_SYSLOG_H 1
#define HAVE_TERMIOS_H 1
#define HAVE_UNISTD_H 1
#define HAVE_ARPA_NAMESER_H 1
#define HAVE_NAMESER_H /**/
#define TIME_WITH_SYS_TIME 1
#define HAVE_SYS_WAIT_H 1
#define HAVE_STRUCT_TM_TM_ZONE 1
#define HAVE_TM_ZONE 1
#define GETGROUPS_T gid_t
#define RETSIGTYPE void
#define X_DISPLAY_MISSING 1
#define HAVE_LINUX_OS /**/
#define HAVE_APCSMART_DRIVER 1
#define HAVE_DUMB_DRIVER 1
#define HAVE_USB_DRIVER /**/
#define HAVE_NET_DRIVER 1
#define HAVE_SNMPLITE_DRIVER 1
#define HAVE_PCNET_DRIVER 1
#define HAVE_MODBUS_DRIVER 1
#define HAVE_NISSERVER /**/
#define HAVE_NISLIB /**/
#define HAVE_FUNC_GETHOSTBYNAME_R_6 1
#define HAVE_FUNC_GETHOSTBYNAME_R_6 /**/
#define SYSCONFDIR "/etc/apcupsd"
#define HAVE_WAIT 1
#define HAVE_WAITPID 1
#define HAVE_WAIT3 1
#define PIDDIR "/var/run"
#define LOGDIR "/var/log"
#define NOLOGDIR "/etc"
#define PWRFAILDIR "/etc/apcupsd"
#define NISPORT 3551
#define HOST "debian"

configure: exit 1
